
        ---------------------------------------------
        （1）请求的方式：GET 

        （2）请求的路径：/hello 

        （3）请求的时间：Fri Apr 22 2022 12:51:23 GMT+0800 (中国标准时间) 

        ---------------------------------------------
    
        ---------------------------------------------
        （1）请求的方式：GET 

        （2）请求的路径：/ 

        （3）请求的时间：Fri Apr 22 2022 12:51:26 GMT+0800 (中国标准时间) 

        ---------------------------------------------
    
        ---------------------------------------------
        （1）请求的方式：GET 

        （2）请求的路径：/submit 

        （3）请求的时间：Sat Apr 23 2022 16:59:26 GMT+0800 (中国标准时间) 

        ---------------------------------------------
    
        ---------------------------------------------
        （1）请求的方式：POST 

        （2）请求的路径：/submit 

        （3）请求的时间：Sat Apr 23 2022 16:59:33 GMT+0800 (中国标准时间) 

        ---------------------------------------------
    
        ---------------------------------------------
        （1）请求的方式：POST 

        （2）请求的路径：/submit?uesrname=amadeus&password=root 

        （3）请求的时间：Sat Apr 23 2022 17:07:05 GMT+0800 (中国标准时间) 

        ---------------------------------------------
    
        ---------------------------------------------
        （1）请求的方式：POST 

        （2）请求的路径：/submit?uesrname=amadeus&password=root 

        （3）请求的时间：Sat Apr 23 2022 17:07:59 GMT+0800 (中国标准时间) 

        ---------------------------------------------
    
        ---------------------------------------------
        （1）请求的方式：POST 

        （2）请求的路径：/submit 

        （3）请求的时间：Sat Apr 23 2022 17:08:33 GMT+0800 (中国标准时间) 

        ---------------------------------------------
    
        ---------------------------------------------
        （1）请求的方式：POST 

        （2）请求的路径：/submit 

        （3）请求的时间：Sat Apr 23 2022 17:08:55 GMT+0800 (中国标准时间) 

        ---------------------------------------------
    
        ---------------------------------------------
        （1）请求的方式：POST 

        （2）请求的路径：/submit 

        （3）请求的时间：Sat Apr 23 2022 17:15:29 GMT+0800 (中国标准时间) 

        ---------------------------------------------
    
        ---------------------------------------------
        （1）请求的方式：POST 

        （2）请求的路径：/submit 

        （3）请求的时间：Sat Apr 23 2022 17:23:09 GMT+0800 (中国标准时间) 

        ---------------------------------------------
    
        ---------------------------------------------
        （1）请求的方式：POST 

        （2）请求的路径：/submit 

        （3）请求的时间：Sat Apr 23 2022 17:34:03 GMT+0800 (中国标准时间) 

        ---------------------------------------------
    
        ---------------------------------------------
        （1）请求的方式：POST 

        （2）请求的路径：/submit 

        （3）请求的时间：Sat Apr 23 2022 17:36:53 GMT+0800 (中国标准时间) 

        ---------------------------------------------
    
        ---------------------------------------------
        （1）请求的方式：POST 

        （2）请求的路径：/submit 

        （3）请求的时间：Sat Apr 23 2022 17:37:09 GMT+0800 (中国标准时间) 

        ---------------------------------------------
    
        ---------------------------------------------
        （1）请求的方式：POST 

        （2）请求的路径：/submit 

        （3）请求的时间：Sat Apr 23 2022 17:37:13 GMT+0800 (中国标准时间) 

        ---------------------------------------------
    
        ---------------------------------------------
        （1）请求的方式：POST 

        （2）请求的路径：/submit 

        （3）请求的时间：Sat Apr 23 2022 17:38:23 GMT+0800 (中国标准时间) 

        ---------------------------------------------
    
        ---------------------------------------------
        （1）请求的方式：POST 

        （2）请求的路径：/submit 

        （3）请求的时间：Sat Apr 23 2022 17:38:37 GMT+0800 (中国标准时间) 

        ---------------------------------------------
    
        ---------------------------------------------
        （1）请求的方式：POST 

        （2）请求的路径：/submit 

        （3）请求的时间：Sat Apr 23 2022 17:38:50 GMT+0800 (中国标准时间) 

        ---------------------------------------------
    